<?xml version="1.0" encoding="UTF-8"?>
<!-- Generated by org.testng.reporters.JUnitXMLReporter -->
<testsuite ignored="0" hostname="Mac" failures="0" tests="7" name="Free CRM App Test Cases" time="29.993" errors="0" timestamp="2026-04-11T16:13:33 EDT">
  <testcase classname="com.crm.qa.testcases.LoginPageTests" name="loginPageTitleTest" time="0.01"/>
  <testcase classname="com.crm.qa.testcases.LoginPageTests" name="loginTest" time="1.612"/>
  <testcase classname="com.crm.qa.testcases.HomePageTests" name="verifyHomePageTitleTest" time="0.004"/>
  <testcase classname="com.crm.qa.testcases.HomePageTests" name="verifyUserNameLableTest" time="0.618"/>
  <testcase classname="com.crm.qa.testcases.HomePageTests" name="verifyContactsLinkTest" time="0.668"/>
  <testcase classname="com.crm.qa.testcases.ContactsPageTest" name="verifyContactsPageLabel" time="0.015"/>
  <testcase classname="com.crm.qa.testcases.ContactsPageTest" name="selectContactsTest" time="0.281"/>
</testsuite> <!-- Free CRM App Test Cases -->
