<?xml version="1.0" encoding="UTF-8"?>
<!-- Generated by org.testng.reporters.JUnitReportReporter -->
<testsuite hostname="Mac" failures="0" tests="2" name="com.crm.qa.testcases.LoginPageTests" time="8.480" errors="0" timestamp="2026-04-11T16:13:34 EDT" skipped="0">
  <testcase classname="com.crm.qa.testcases.LoginPageTests" name="loginPageTitleTest" time="4.518"/>
  <testcase classname="com.crm.qa.testcases.LoginPageTests" name="loginTest" time="3.962"/>
</testsuite> <!-- com.crm.qa.testcases.LoginPageTests -->
