<?xml version="1.0" encoding="UTF-8"?>
<!-- Generated by org.testng.reporters.JUnitReportReporter -->
<testsuite hostname="Mac" failures="0" tests="3" name="com.crm.qa.testcases.HomePageTests" time="12.384" errors="0" timestamp="2026-04-11T16:13:34 EDT" skipped="0">
  <testcase classname="com.crm.qa.testcases.HomePageTests" name="verifyHomePageTitleTest" time="3.738"/>
  <testcase classname="com.crm.qa.testcases.HomePageTests" name="verifyUserNameLableTest" time="4.235"/>
  <testcase classname="com.crm.qa.testcases.HomePageTests" name="verifyContactsLinkTest" time="4.411"/>
</testsuite> <!-- com.crm.qa.testcases.HomePageTests -->
