<?xml version="1.0" encoding="UTF-8"?>
<!-- Generated by org.testng.reporters.JUnitReportReporter -->
<testsuite hostname="Mac" failures="0" tests="2" name="com.crm.qa.testcases.ContactsPageTest" time="9.088" errors="0" timestamp="2026-04-11T16:13:34 EDT" skipped="0">
  <testcase classname="com.crm.qa.testcases.ContactsPageTest" name="verifyContactsPageLabel" time="4.469"/>
  <testcase classname="com.crm.qa.testcases.ContactsPageTest" name="selectContactsTest" time="4.619"/>
</testsuite> <!-- com.crm.qa.testcases.ContactsPageTest -->
